<?xml version="1.0" encoding="UTF-8"?>
<!-- Generated by org.testng.reporters.JUnitReportReporter -->
<testsuite skipped="0" hostname="ProDCWS-58" name="gov.nv.dwss.nvkids.testcases.bstl.ViewBatchStatusLogsTestcase" tests="1" failures="0" timestamp="2020-02-06T03:29:28 PST" time="36.066" errors="0">
  <testcase name="verifySuccesfulInquiry" time="36.066" classname="gov.nv.dwss.nvkids.testcases.bstl.ViewBatchStatusLogsTestcase"/>
  <system-out/>
</testsuite> <!-- gov.nv.dwss.nvkids.testcases.bstl.ViewBatchStatusLogsTestcase -->
