<?xml version="1.0" encoding="UTF-8"?>
<!-- Generated by org.testng.reporters.JUnitReportReporter -->
<testsuite skipped="0" hostname="ProDCWS-58" name="gov.nv.dwss.nvkids.testcases.bstl.ViewPrintQueueErrorsTestcase" tests="1" failures="0" timestamp="2020-02-06T03:33:02 PST" time="36.142" errors="0">
  <testcase name="verifySuccessfulInquiry" time="36.142" classname="gov.nv.dwss.nvkids.testcases.bstl.ViewPrintQueueErrorsTestcase"/>
  <system-out/>
</testsuite> <!-- gov.nv.dwss.nvkids.testcases.bstl.ViewPrintQueueErrorsTestcase -->
